>>>>>>>>>>>>>>>>>>>>>>>>>>>>>>>>>>>>>>>>>>>>>>>>>>


            DouK-Downloader V5.8 Beta             


>>>>>>>>>>>>>>>>>>>>>>>>>>>>>>>>>>>>>>>>>>>>>>>>>>

项目地址: https://github.com/JoeanAmier/TikTokDownloader
项目文档: https://github.com/JoeanAmier/TikTokDownloader/wiki/Documentation
开源许可: GNU General Public License v3.0

创建默认配置文件 settings.json 成功！
请参考项目文档的快速入门部分，设置 Cookie 后重新运行程序！
建议根据实际使用需求修改配置文件 settings.json！

请选择语言(Please Select Language):
 1. 简体中文
 2. English
配置文件 cookie 参数未设置，抖音平台功能可能无法正常使用
配置文件 cookie_tiktok 参数未设置，TikTok 平台功能可能无法正常使用
正在关闭程序
>>>>>>>>>>>>>>>>>>>>>>>>>>>>>>>>>>>>>>>>>>>>>>>>>>


            DouK-Downloader V5.8 Beta             


>>>>>>>>>>>>>>>>>>>>>>>>>>>>>>>>>>>>>>>>>>>>>>>>>>

项目地址: https://github.com/JoeanAmier/TikTokDownloader
项目文档: https://github.com/JoeanAmier/TikTokDownloader/wiki/Documentation
开源许可: GNU General Public License v3.0

请选择语言(Please Select Language):
 1. 简体中文
 2. English
配置文件 cookie 参数未设置，抖音平台功能可能无法正常使用
配置文件 cookie_tiktok 参数未设置，TikTok 平台功能可能无法正常使用
正在关闭程序
>>>>>>>>>>>>>>>>>>>>>>>>>>>>>>>>>>>>>>>>>>>>>>>>>>


            DouK-Downloader V5.8 Beta             


>>>>>>>>>>>>>>>>>>>>>>>>>>>>>>>>>>>>>>>>>>>>>>>>>>

项目地址: https://github.com/JoeanAmier/TikTokDownloader
项目文档: https://github.com/JoeanAmier/TikTokDownloader/wiki/Documentation
开源许可: GNU General Public License v3.0

请选择语言(Please Select Language):
 1. 简体中文
 2. English
配置文件 cookie 参数未设置，抖音平台功能可能无法正常使用
配置文件 cookie_tiktok 参数未设置，TikTok 平台功能可能无法正常使用
正在关闭程序
>>>>>>>>>>>>>>>>>>>>>>>>>>>>>>>>>>>>>>>>>>>>>>>>>>


            DouK-Downloader V5.8 Beta             


>>>>>>>>>>>>>>>>>>>>>>>>>>>>>>>>>>>>>>>>>>>>>>>>>>

项目地址: https://github.com/JoeanAmier/TikTokDownloader
项目文档: https://github.com/JoeanAmier/TikTokDownloader/wiki/Documentation
开源许可: GNU General Public License v3.0

请选择语言(Please Select Language):
 1. 简体中文
 2. English
配置文件 cookie 参数未设置，抖音平台功能可能无法正常使用
配置文件 cookie_tiktok 参数未设置，TikTok 平台功能可能无法正常使用
正在关闭程序
>>>>>>>>>>>>>>>>>>>>>>>>>>>>>>>>>>>>>>>>>>>>>>>>>>


            DouK-Downloader V5.8 Beta             


>>>>>>>>>>>>>>>>>>>>>>>>>>>>>>>>>>>>>>>>>>>>>>>>>>

项目地址: https://github.com/JoeanAmier/TikTokDownloader
项目文档: https://github.com/JoeanAmier/TikTokDownloader/wiki/Documentation
开源许可: GNU General Public License v3.0

请选择语言(Please Select Language):
 1. 简体中文
 2. English
配置文件 cookie 参数未设置，抖音平台功能可能无法正常使用
配置文件 cookie_tiktok 参数未设置，TikTok 平台功能可能无法正常使用
正在关闭程序
>>>>>>>>>>>>>>>>>>>>>>>>>>>>>>>>>>>>>>>>>>>>>>>>>>


            DouK-Downloader V5.8 Beta             


>>>>>>>>>>>>>>>>>>>>>>>>>>>>>>>>>>>>>>>>>>>>>>>>>>

项目地址: https://github.com/JoeanAmier/TikTokDownloader
项目文档: https://github.com/JoeanAmier/TikTokDownloader/wiki/Documentation
开源许可: GNU General Public License v3.0

请选择语言(Please Select Language):
 1. 简体中文
 2. English
配置文件 cookie 参数未设置，抖音平台功能可能无法正常使用
配置文件 cookie_tiktok 参数未设置，TikTok 平台功能可能无法正常使用
正在关闭程序
>>>>>>>>>>>>>>>>>>>>>>>>>>>>>>>>>>>>>>>>>>>>>>>>>>


            DouK-Downloader V5.8 Beta             


>>>>>>>>>>>>>>>>>>>>>>>>>>>>>>>>>>>>>>>>>>>>>>>>>>

项目地址: https://github.com/JoeanAmier/TikTokDownloader
项目文档: https://github.com/JoeanAmier/TikTokDownloader/wiki/Documentation
开源许可: GNU General Public License v3.0

访问 http://127.0.0.1:5555/docs 或者 http://127.0.0.1:5555/redoc 可以查阅 API 
模式说明文档！
配置文件 cookie 参数未设置，抖音平台功能可能无法正常使用
配置文件 cookie_tiktok 参数未设置，TikTok 平台功能可能无法正常使用
>>>>>>>>>>>>>>>>>>>>>>>>>>>>>>>>>>>>>>>>>>>>>>>>>>


            DouK-Downloader V5.8 Beta             


>>>>>>>>>>>>>>>>>>>>>>>>>>>>>>>>>>>>>>>>>>>>>>>>>>

项目地址: https://github.com/JoeanAmier/TikTokDownloader
项目文档: https://github.com/JoeanAmier/TikTokDownloader/wiki/Documentation
开源许可: GNU General Public License v3.0

访问 http://127.0.0.1:5555/docs 或者 http://127.0.0.1:5555/redoc 可以查阅 API 
模式说明文档！
配置文件 cookie 参数未设置，抖音平台功能可能无法正常使用
配置文件 cookie_tiktok 参数未设置，TikTok 平台功能可能无法正常使用
INFO:     120.230.93.209:8219 - "POST /douyin/share HTTP/1.1" 200 OK
INFO:     120.230.93.209:8275 - "POST /douyin/share HTTP/1.1" 200 OK
>>>>>>>>>>>>>>>>>>>>>>>>>>>>>>>>>>>>>>>>>>>>>>>>>>


            DouK-Downloader V5.8 Beta             


>>>>>>>>>>>>>>>>>>>>>>>>>>>>>>>>>>>>>>>>>>>>>>>>>>

项目地址: https://github.com/JoeanAmier/TikTokDownloader
项目文档: https://github.com/JoeanAmier/TikTokDownloader/wiki/Documentation
开源许可: GNU General Public License v3.0

访问 http://127.0.0.1:5555/docs 或者 http://127.0.0.1:5555/redoc 可以查阅 API 
模式说明文档！
配置文件 cookie 参数未设置，抖音平台功能可能无法正常使用
配置文件 cookie_tiktok 参数未设置，TikTok 平台功能可能无法正常使用
>>>>>>>>>>>>>>>>>>>>>>>>>>>>>>>>>>>>>>>>>>>>>>>>>>


            DouK-Downloader V5.8 Beta             


>>>>>>>>>>>>>>>>>>>>>>>>>>>>>>>>>>>>>>>>>>>>>>>>>>

项目地址: https://github.com/JoeanAmier/TikTokDownloader
项目文档: https://github.com/JoeanAmier/TikTokDownloader/wiki/Documentation
开源许可: GNU General Public License v3.0

访问 http://127.0.0.1:5555/docs 或者 http://127.0.0.1:5555/redoc 可以查阅 API 
模式说明文档！
配置文件 cookie 参数未设置，抖音平台功能可能无法正常使用
配置文件 cookie_tiktok 参数未设置，TikTok 平台功能可能无法正常使用
INFO:     83.147.60.14:52140 - "POST /douyin/share HTTP/1.1" 200 OK
INFO:     83.147.60.14:17124 - "GET /docs HTTP/1.1" 200 OK
INFO:     83.147.60.14:17124 - "GET /openapi.json HTTP/1.1" 200 OK
>>>>>>>>>>>>>>>>>>>>>>>>>>>>>>>>>>>>>>>>>>>>>>>>>>


            DouK-Downloader V5.8 Beta             


>>>>>>>>>>>>>>>>>>>>>>>>>>>>>>>>>>>>>>>>>>>>>>>>>>

项目地址: https://github.com/JoeanAmier/TikTokDownloader
项目文档: https://github.com/JoeanAmier/TikTokDownloader/wiki/Documentation
开源许可: GNU General Public License v3.0

配置文件 cookie 参数未设置，抖音平台功能可能无法正常使用
访问 http://127.0.0.1:5555/docs 或者 http://127.0.0.1:5555/redoc 可以查阅 API 
模式说明文档！
配置文件 cookie_tiktok 参数未设置，TikTok 平台功能可能无法正常使用
INFO:     83.147.60.14:47284 - "GET /settings HTTP/1.1" 403 Forbidden
INFO:     83.147.60.14:47284 - "GET /favicon.ico HTTP/1.1" 404 Not Found
INFO:     83.147.60.14:47284 - "GET /settings HTTP/1.1" 403 Forbidden
INFO:     83.147.60.14:50210 - "GET /settings HTTP/1.1" 403 Forbidden
INFO:     83.147.60.14:15336 - "GET /douyin/share HTTP/1.1" 405 Method Not Allowed
INFO:     83.147.60.14:56260 - "GET /douyin/share HTTP/1.1" 405 Method Not Allowed
INFO:     83.147.60.14:56268 - "GET /settings HTTP/1.1" 403 Forbidden
INFO:     83.147.60.14:29894 - "GET /settings HTTP/1.1" 200 OK
>>>>>>>>>>>>>>>>>>>>>>>>>>>>>>>>>>>>>>>>>>>>>>>>>>


            DouK-Downloader V5.8 Beta             


>>>>>>>>>>>>>>>>>>>>>>>>>>>>>>>>>>>>>>>>>>>>>>>>>>

项目地址: https://github.com/JoeanAmier/TikTokDownloader
项目文档: https://github.com/JoeanAmier/TikTokDownloader/wiki/Documentation
开源许可: GNU General Public License v3.0

访问 http://127.0.0.1:5555/docs 或者 http://127.0.0.1:5555/redoc 可以查阅 API 
模式说明文档！
正在更新抖音参数，请稍等...
抖音参数更新完毕！
配置文件 cookie_tiktok 参数未设置，TikTok 平台功能可能无法正常使用
INFO:     83.147.60.14:29426 - "POST /douyin/share HTTP/1.1" 200 OK
INFO:     83.147.60.14:54552 - "POST /douyin/detail HTTP/1.1" 200 OK
开始处理账号
共获取到 158 个账号发布作品
开始提取作品数据
昵称/标题：大胡子李俊怀；标识：大胡子李俊怀；ID：98153518666
筛选处理后作品数量: 158
INFO:     83.147.60.14:32834 - "POST /douyin/account HTTP/1.1" 200 OK
正在更新抖音参数，请稍等...
抖音参数更新完毕！
配置文件 cookie_tiktok 参数未设置，TikTok 平台功能可能无法正常使用
正在更新抖音参数，请稍等...
抖音参数更新完毕！
配置文件 cookie_tiktok 参数未设置，TikTok 平台功能可能无法正常使用
正在更新抖音参数，请稍等...
抖音参数更新完毕！
配置文件 cookie_tiktok 参数未设置，TikTok 平台功能可能无法正常使用
正在更新抖音参数，请稍等...
抖音参数更新完毕！
配置文件 cookie_tiktok 参数未设置，TikTok 平台功能可能无法正常使用
正在更新抖音参数，请稍等...
抖音参数更新完毕！
配置文件 cookie_tiktok 参数未设置，TikTok 平台功能可能无法正常使用
正在更新抖音参数，请稍等...
抖音参数更新完毕！
配置文件 cookie_tiktok 参数未设置，TikTok 平台功能可能无法正常使用
INFO:     71.6.134.234:45558 - "GET / HTTP/1.1" 307 Temporary Redirect
正在更新抖音参数，请稍等...
抖音参数更新完毕！
配置文件 cookie_tiktok 参数未设置，TikTok 平台功能可能无法正常使用
正在更新抖音参数，请稍等...
抖音参数更新完毕！
配置文件 cookie_tiktok 参数未设置，TikTok 平台功能可能无法正常使用
正在更新抖音参数，请稍等...
抖音参数更新完毕！
配置文件 cookie_tiktok 参数未设置，TikTok 平台功能可能无法正常使用
正在更新抖音参数，请稍等...
抖音参数更新完毕！
配置文件 cookie_tiktok 参数未设置，TikTok 平台功能可能无法正常使用
正在更新抖音参数，请稍等...
抖音参数更新完毕！
配置文件 cookie_tiktok 参数未设置，TikTok 平台功能可能无法正常使用
INFO:     185.246.128.25:36179 - "GET /DeviceDescription.xml HTTP/1.0" 404 Not Found
INFO:     185.246.128.25:36183 - "GET /rootDesc.xml HTTP/1.0" 404 Not Found
正在更新抖音参数，请稍等...
抖音参数更新完毕！
配置文件 cookie_tiktok 参数未设置，TikTok 平台功能可能无法正常使用
正在更新抖音参数，请稍等...
抖音参数更新完毕！
配置文件 cookie_tiktok 参数未设置，TikTok 平台功能可能无法正常使用
正在更新抖音参数，请稍等...
抖音参数更新完毕！
配置文件 cookie_tiktok 参数未设置，TikTok 平台功能可能无法正常使用
正在更新抖音参数，请稍等...
抖音参数更新完毕！
配置文件 cookie_tiktok 参数未设置，TikTok 平台功能可能无法正常使用
正在更新抖音参数，请稍等...
抖音参数更新完毕！
配置文件 cookie_tiktok 参数未设置，TikTok 平台功能可能无法正常使用
正在更新抖音参数，请稍等...
抖音参数更新完毕！
配置文件 cookie_tiktok 参数未设置，TikTok 平台功能可能无法正常使用
正在更新抖音参数，请稍等...
抖音参数更新完毕！
配置文件 cookie_tiktok 参数未设置，TikTok 平台功能可能无法正常使用
正在更新抖音参数，请稍等...
抖音参数更新完毕！
配置文件 cookie_tiktok 参数未设置，TikTok 平台功能可能无法正常使用
正在更新抖音参数，请稍等...
抖音参数更新完毕！
配置文件 cookie_tiktok 参数未设置，TikTok 平台功能可能无法正常使用
正在更新抖音参数，请稍等...
抖音参数更新完毕！
配置文件 cookie_tiktok 参数未设置，TikTok 平台功能可能无法正常使用
正在更新抖音参数，请稍等...
抖音参数更新完毕！
配置文件 cookie_tiktok 参数未设置，TikTok 平台功能可能无法正常使用
正在更新抖音参数，请稍等...
抖音参数更新完毕！
配置文件 cookie_tiktok 参数未设置，TikTok 平台功能可能无法正常使用
正在更新抖音参数，请稍等...
抖音参数更新完毕！
配置文件 cookie_tiktok 参数未设置，TikTok 平台功能可能无法正常使用
正在更新抖音参数，请稍等...
抖音参数更新完毕！
配置文件 cookie_tiktok 参数未设置，TikTok 平台功能可能无法正常使用
正在更新抖音参数，请稍等...
抖音参数更新完毕！
配置文件 cookie_tiktok 参数未设置，TikTok 平台功能可能无法正常使用
正在更新抖音参数，请稍等...
抖音参数更新完毕！
配置文件 cookie_tiktok 参数未设置，TikTok 平台功能可能无法正常使用
正在更新抖音参数，请稍等...
抖音参数更新完毕！
配置文件 cookie_tiktok 参数未设置，TikTok 平台功能可能无法正常使用
正在更新抖音参数，请稍等...
抖音参数更新完毕！
配置文件 cookie_tiktok 参数未设置，TikTok 平台功能可能无法正常使用
正在更新抖音参数，请稍等...
抖音参数更新完毕！
配置文件 cookie_tiktok 参数未设置，TikTok 平台功能可能无法正常使用
正在更新抖音参数，请稍等...
抖音参数更新完毕！
配置文件 cookie_tiktok 参数未设置，TikTok 平台功能可能无法正常使用
正在更新抖音参数，请稍等...
抖音参数更新完毕！
配置文件 cookie_tiktok 参数未设置，TikTok 平台功能可能无法正常使用
正在更新抖音参数，请稍等...
抖音参数更新完毕！
配置文件 cookie_tiktok 参数未设置，TikTok 平台功能可能无法正常使用
正在更新抖音参数，请稍等...
抖音参数更新完毕！
配置文件 cookie_tiktok 参数未设置，TikTok 平台功能可能无法正常使用
正在更新抖音参数，请稍等...
抖音参数更新完毕！
配置文件 cookie_tiktok 参数未设置，TikTok 平台功能可能无法正常使用
正在更新抖音参数，请稍等...
抖音参数更新完毕！
配置文件 cookie_tiktok 参数未设置，TikTok 平台功能可能无法正常使用
正在更新抖音参数，请稍等...
抖音参数更新完毕！
配置文件 cookie_tiktok 参数未设置，TikTok 平台功能可能无法正常使用
正在更新抖音参数，请稍等...
抖音参数更新完毕！
配置文件 cookie_tiktok 参数未设置，TikTok 平台功能可能无法正常使用
正在更新抖音参数，请稍等...
抖音参数更新完毕！
配置文件 cookie_tiktok 参数未设置，TikTok 平台功能可能无法正常使用
INFO:     87.236.176.131:55693 - "GET / HTTP/1.1" 307 Temporary Redirect
正在更新抖音参数，请稍等...
抖音参数更新完毕！
配置文件 cookie_tiktok 参数未设置，TikTok 平台功能可能无法正常使用
INFO:     147.185.133.46:58126 - "GET / HTTP/1.1" 307 Temporary Redirect
正在更新抖音参数，请稍等...
抖音参数更新完毕！
配置文件 cookie_tiktok 参数未设置，TikTok 平台功能可能无法正常使用
正在更新抖音参数，请稍等...
抖音参数更新完毕！
配置文件 cookie_tiktok 参数未设置，TikTok 平台功能可能无法正常使用
正在更新抖音参数，请稍等...
抖音参数更新完毕！
配置文件 cookie_tiktok 参数未设置，TikTok 平台功能可能无法正常使用
正在更新抖音参数，请稍等...
抖音参数更新完毕！
配置文件 cookie_tiktok 参数未设置，TikTok 平台功能可能无法正常使用
正在更新抖音参数，请稍等...
抖音参数更新完毕！
配置文件 cookie_tiktok 参数未设置，TikTok 平台功能可能无法正常使用
正在更新抖音参数，请稍等...
抖音参数更新完毕！
配置文件 cookie_tiktok 参数未设置，TikTok 平台功能可能无法正常使用
正在更新抖音参数，请稍等...
抖音参数更新完毕！
配置文件 cookie_tiktok 参数未设置，TikTok 平台功能可能无法正常使用
正在更新抖音参数，请稍等...
抖音参数更新完毕！
配置文件 cookie_tiktok 参数未设置，TikTok 平台功能可能无法正常使用
正在更新抖音参数，请稍等...
抖音参数更新完毕！
配置文件 cookie_tiktok 参数未设置，TikTok 平台功能可能无法正常使用
正在更新抖音参数，请稍等...
抖音参数更新完毕！
配置文件 cookie_tiktok 参数未设置，TikTok 平台功能可能无法正常使用
正在更新抖音参数，请稍等...
抖音参数更新完毕！
配置文件 cookie_tiktok 参数未设置，TikTok 平台功能可能无法正常使用
正在更新抖音参数，请稍等...
抖音参数更新完毕！
配置文件 cookie_tiktok 参数未设置，TikTok 平台功能可能无法正常使用
正在更新抖音参数，请稍等...
抖音参数更新完毕！
配置文件 cookie_tiktok 参数未设置，TikTok 平台功能可能无法正常使用
正在更新抖音参数，请稍等...
抖音参数更新完毕！
配置文件 cookie_tiktok 参数未设置，TikTok 平台功能可能无法正常使用
正在更新抖音参数，请稍等...
抖音参数更新完毕！
配置文件 cookie_tiktok 参数未设置，TikTok 平台功能可能无法正常使用
正在更新抖音参数，请稍等...
抖音参数更新完毕！
配置文件 cookie_tiktok 参数未设置，TikTok 平台功能可能无法正常使用
正在更新抖音参数，请稍等...
抖音参数更新完毕！
配置文件 cookie_tiktok 参数未设置，TikTok 平台功能可能无法正常使用
正在更新抖音参数，请稍等...
抖音参数更新完毕！
配置文件 cookie_tiktok 参数未设置，TikTok 平台功能可能无法正常使用
正在更新抖音参数，请稍等...
抖音参数更新完毕！
配置文件 cookie_tiktok 参数未设置，TikTok 平台功能可能无法正常使用
正在更新抖音参数，请稍等...
抖音参数更新完毕！
配置文件 cookie_tiktok 参数未设置，TikTok 平台功能可能无法正常使用
正在更新抖音参数，请稍等...
抖音参数更新完毕！
配置文件 cookie_tiktok 参数未设置，TikTok 平台功能可能无法正常使用
正在更新抖音参数，请稍等...
抖音参数更新完毕！
配置文件 cookie_tiktok 参数未设置，TikTok 平台功能可能无法正常使用
正在更新抖音参数，请稍等...
抖音参数更新完毕！
配置文件 cookie_tiktok 参数未设置，TikTok 平台功能可能无法正常使用
正在更新抖音参数，请稍等...
抖音参数更新完毕！
配置文件 cookie_tiktok 参数未设置，TikTok 平台功能可能无法正常使用
正在更新抖音参数，请稍等...
抖音参数更新完毕！
配置文件 cookie_tiktok 参数未设置，TikTok 平台功能可能无法正常使用
正在更新抖音参数，请稍等...
抖音参数更新完毕！
配置文件 cookie_tiktok 参数未设置，TikTok 平台功能可能无法正常使用
正在更新抖音参数，请稍等...
抖音参数更新完毕！
配置文件 cookie_tiktok 参数未设置，TikTok 平台功能可能无法正常使用
正在更新抖音参数，请稍等...
抖音参数更新完毕！
配置文件 cookie_tiktok 参数未设置，TikTok 平台功能可能无法正常使用
正在更新抖音参数，请稍等...
抖音参数更新完毕！
配置文件 cookie_tiktok 参数未设置，TikTok 平台功能可能无法正常使用
正在更新抖音参数，请稍等...
抖音参数更新完毕！
配置文件 cookie_tiktok 参数未设置，TikTok 平台功能可能无法正常使用
正在更新抖音参数，请稍等...
抖音参数更新完毕！
配置文件 cookie_tiktok 参数未设置，TikTok 平台功能可能无法正常使用
正在更新抖音参数，请稍等...
抖音参数更新完毕！
配置文件 cookie_tiktok 参数未设置，TikTok 平台功能可能无法正常使用
正在更新抖音参数，请稍等...
抖音参数更新完毕！
配置文件 cookie_tiktok 参数未设置，TikTok 平台功能可能无法正常使用
INFO:     162.216.149.230:62728 - "GET / HTTP/1.1" 307 Temporary Redirect
正在更新抖音参数，请稍等...
抖音参数更新完毕！
配置文件 cookie_tiktok 参数未设置，TikTok 平台功能可能无法正常使用
正在更新抖音参数，请稍等...
抖音参数更新完毕！
配置文件 cookie_tiktok 参数未设置，TikTok 平台功能可能无法正常使用
正在更新抖音参数，请稍等...
抖音参数更新完毕！
配置文件 cookie_tiktok 参数未设置，TikTok 平台功能可能无法正常使用
正在更新抖音参数，请稍等...
抖音参数更新完毕！
配置文件 cookie_tiktok 参数未设置，TikTok 平台功能可能无法正常使用
正在更新抖音参数，请稍等...
抖音参数更新完毕！
配置文件 cookie_tiktok 参数未设置，TikTok 平台功能可能无法正常使用
正在更新抖音参数，请稍等...
抖音参数更新完毕！
配置文件 cookie_tiktok 参数未设置，TikTok 平台功能可能无法正常使用
正在更新抖音参数，请稍等...
抖音参数更新完毕！
配置文件 cookie_tiktok 参数未设置，TikTok 平台功能可能无法正常使用
正在更新抖音参数，请稍等...
抖音参数更新完毕！
配置文件 cookie_tiktok 参数未设置，TikTok 平台功能可能无法正常使用
>>>>>>>>>>>>>>>>>>>>>>>>>>>>>>>>>>>>>>>>>>>>>>>>>>


            DouK-Downloader V5.8 Beta             


>>>>>>>>>>>>>>>>>>>>>>>>>>>>>>>>>>>>>>>>>>>>>>>>>>

项目地址: https://github.com/JoeanAmier/TikTokDownloader
项目文档: https://github.com/JoeanAmier/TikTokDownloader/wiki/Documentation
开源许可: GNU General Public License v3.0

访问 http://127.0.0.1:5555/docs 或者 http://127.0.0.1:5555/redoc 可以查阅 API 
模式说明文档！
正在更新抖音参数，请稍等...
抖音参数更新完毕！
配置文件 cookie_tiktok 参数未设置，TikTok 平台功能可能无法正常使用
INFO:     188.253.117.46:30002 - "GET /docs HTTP/1.1" 200 OK
INFO:     188.253.117.46:35280 - "GET /openapi.json HTTP/1.1" 200 OK
INFO:     202.140.142.231:39208 - "POST /douyin/share HTTP/1.1" 200 OK
>>>>>>>>>>>>>>>>>>>>>>>>>>>>>>>>>>>>>>>>>>>>>>>>>>


            DouK-Downloader V5.8 Beta             


>>>>>>>>>>>>>>>>>>>>>>>>>>>>>>>>>>>>>>>>>>>>>>>>>>

项目地址: https://github.com/JoeanAmier/TikTokDownloader
项目文档: https://github.com/JoeanAmier/TikTokDownloader/wiki/Documentation
开源许可: GNU General Public License v3.0

已从 cookies.txt 文件读取抖音 Cookie 并应用到配置中
访问 http://127.0.0.1:5555/docs 或者 http://127.0.0.1:5555/redoc 可以查阅 API 
模式说明文档！
正在更新抖音参数，请稍等...
抖音参数更新完毕！
配置文件 cookie_tiktok 参数未设置，TikTok 平台功能可能无法正常使用
INFO:     202.140.142.231:54138 - "POST /douyin/share HTTP/1.1" 200 OK

INFO:     202.140.142.231:49364 - "POST /douyin/detail HTTP/1.1" 200 OK
>>>>>>>>>>>>>>>>>>>>>>>>>>>>>>>>>>>>>>>>>>>>>>>>>>


            DouK-Downloader V5.8 Beta             


>>>>>>>>>>>>>>>>>>>>>>>>>>>>>>>>>>>>>>>>>>>>>>>>>>

项目地址: https://github.com/JoeanAmier/TikTokDownloader
项目文档: https://github.com/JoeanAmier/TikTokDownloader/wiki/Documentation
开源许可: GNU General Public License v3.0

已从 cookies.txt 文件读取抖音 Cookie 并应用到配置中
[Cookie] 读取成功: 已从 cookies.txt 文件读取抖音 Cookie 并应用到配置中
访问 http://127.0.0.1:5555/docs 或者 http://127.0.0.1:5555/redoc 可以查阅 API 
模式说明文档！
正在更新抖音参数，请稍等...
抖音参数更新完毕！
配置文件 cookie_tiktok 参数未设置，TikTok 平台功能可能无法正常使用
INFO:     202.140.142.231:38526 - "POST /douyin/share HTTP/1.1" 200 OK
INFO:     202.140.142.231:38536 - "POST /douyin/detail HTTP/1.1" 200 OK
INFO:     202.140.142.231:38928 - "POST /douyin/share HTTP/1.1" 200 OK
INFO:     202.140.142.231:38938 - "POST /douyin/detail HTTP/1.1" 200 OK
正在更新抖音参数，请稍等...
抖音参数更新完毕！
配置文件 cookie_tiktok 参数未设置，TikTok 平台功能可能无法正常使用
INFO:     202.140.142.231:41318 - "POST /douyin/share HTTP/1.1" 200 OK
INFO:     202.140.142.231:56988 - "POST /douyin/detail HTTP/1.1" 200 OK
INFO:     202.140.142.231:46428 - "POST /douyin/share HTTP/1.1" 200 OK
INFO:     202.140.142.231:40098 - "POST /douyin/detail HTTP/1.1" 200 OK
INFO:     202.140.142.231:44810 - "POST /douyin/share HTTP/1.1" 200 OK
INFO:     202.140.142.231:36432 - "POST /douyin/detail HTTP/1.1" 200 OK
INFO:     202.140.142.231:60530 - "POST /douyin/share HTTP/1.1" 200 OK
INFO:     202.140.142.231:60540 - "POST /douyin/detail HTTP/1.1" 200 OK
正在更新抖音参数，请稍等...
抖音参数更新完毕！
配置文件 cookie_tiktok 参数未设置，TikTok 平台功能可能无法正常使用
正在更新抖音参数，请稍等...
抖音参数更新完毕！
配置文件 cookie_tiktok 参数未设置，TikTok 平台功能可能无法正常使用
INFO:     202.140.142.231:52762 - "POST /douyin/share HTTP/1.1" 200 OK
INFO:     202.140.142.231:43966 - "POST /douyin/detail HTTP/1.1" 200 OK
INFO:     202.140.142.231:47728 - "POST /douyin/share HTTP/1.1" 200 OK
INFO:     202.140.142.231:47740 - "POST /douyin/detail HTTP/1.1" 200 OK
正在更新抖音参数，请稍等...
抖音参数更新完毕！
配置文件 cookie_tiktok 参数未设置，TikTok 平台功能可能无法正常使用
INFO:     202.140.142.231:49544 - "POST /douyin/share HTTP/1.1" 200 OK
INFO:     202.140.142.231:34764 - "POST /douyin/detail HTTP/1.1" 200 OK
正在更新抖音参数，请稍等...
抖音参数更新完毕！
配置文件 cookie_tiktok 参数未设置，TikTok 平台功能可能无法正常使用
INFO:     202.140.142.231:57470 - "POST /douyin/share HTTP/1.1" 200 OK
INFO:     202.140.142.231:57480 - "POST /douyin/detail HTTP/1.1" 200 OK
正在更新抖音参数，请稍等...
抖音参数更新完毕！
配置文件 cookie_tiktok 参数未设置，TikTok 平台功能可能无法正常使用
正在更新抖音参数，请稍等...
抖音参数更新完毕！
配置文件 cookie_tiktok 参数未设置，TikTok 平台功能可能无法正常使用
正在更新抖音参数，请稍等...
抖音参数更新完毕！
配置文件 cookie_tiktok 参数未设置，TikTok 平台功能可能无法正常使用
正在更新抖音参数，请稍等...
抖音参数更新完毕！
配置文件 cookie_tiktok 参数未设置，TikTok 平台功能可能无法正常使用
正在更新抖音参数，请稍等...
抖音参数更新完毕！
配置文件 cookie_tiktok 参数未设置，TikTok 平台功能可能无法正常使用
正在更新抖音参数，请稍等...
抖音参数更新完毕！
配置文件 cookie_tiktok 参数未设置，TikTok 平台功能可能无法正常使用
正在更新抖音参数，请稍等...
抖音参数更新完毕！
配置文件 cookie_tiktok 参数未设置，TikTok 平台功能可能无法正常使用
正在更新抖音参数，请稍等...
抖音参数更新完毕！
配置文件 cookie_tiktok 参数未设置，TikTok 平台功能可能无法正常使用
正在更新抖音参数，请稍等...
抖音参数更新完毕！
配置文件 cookie_tiktok 参数未设置，TikTok 平台功能可能无法正常使用
正在更新抖音参数，请稍等...
抖音参数更新完毕！
配置文件 cookie_tiktok 参数未设置，TikTok 平台功能可能无法正常使用
正在更新抖音参数，请稍等...
抖音参数更新完毕！
配置文件 cookie_tiktok 参数未设置，TikTok 平台功能可能无法正常使用
正在更新抖音参数，请稍等...
抖音参数更新完毕！
配置文件 cookie_tiktok 参数未设置，TikTok 平台功能可能无法正常使用
正在更新抖音参数，请稍等...
抖音参数更新完毕！
配置文件 cookie_tiktok 参数未设置，TikTok 平台功能可能无法正常使用
正在更新抖音参数，请稍等...
抖音参数更新完毕！
配置文件 cookie_tiktok 参数未设置，TikTok 平台功能可能无法正常使用
正在更新抖音参数，请稍等...
抖音参数更新完毕！
配置文件 cookie_tiktok 参数未设置，TikTok 平台功能可能无法正常使用
INFO:     216.218.206.68:6098 - "GET / HTTP/1.1" 307 Temporary Redirect
INFO:     216.218.206.68:14596 - "GET / HTTP/1.1" 307 Temporary Redirect
INFO:     216.218.206.68:14612 - "GET /favicon.ico HTTP/1.1" 404 Not Found
正在更新抖音参数，请稍等...
抖音参数更新完毕！
配置文件 cookie_tiktok 参数未设置，TikTok 平台功能可能无法正常使用
正在更新抖音参数，请稍等...
抖音参数更新完毕！
配置文件 cookie_tiktok 参数未设置，TikTok 平台功能可能无法正常使用
正在更新抖音参数，请稍等...
抖音参数更新完毕！
配置文件 cookie_tiktok 参数未设置，TikTok 平台功能可能无法正常使用
正在更新抖音参数，请稍等...
抖音参数更新完毕！
配置文件 cookie_tiktok 参数未设置，TikTok 平台功能可能无法正常使用
正在更新抖音参数，请稍等...
抖音参数更新完毕！
配置文件 cookie_tiktok 参数未设置，TikTok 平台功能可能无法正常使用
正在更新抖音参数，请稍等...
抖音参数更新完毕！
配置文件 cookie_tiktok 参数未设置，TikTok 平台功能可能无法正常使用
INFO:     35.203.211.71:65072 - "GET / HTTP/1.1" 307 Temporary Redirect
正在更新抖音参数，请稍等...
抖音参数更新完毕！
配置文件 cookie_tiktok 参数未设置，TikTok 平台功能可能无法正常使用
正在更新抖音参数，请稍等...
抖音参数更新完毕！
配置文件 cookie_tiktok 参数未设置，TikTok 平台功能可能无法正常使用
正在更新抖音参数，请稍等...
抖音参数更新完毕！
配置文件 cookie_tiktok 参数未设置，TikTok 平台功能可能无法正常使用
正在更新抖音参数，请稍等...
抖音参数更新完毕！
配置文件 cookie_tiktok 参数未设置，TikTok 平台功能可能无法正常使用
正在更新抖音参数，请稍等...
抖音参数更新完毕！
配置文件 cookie_tiktok 参数未设置，TikTok 平台功能可能无法正常使用
正在更新抖音参数，请稍等...
抖音参数更新完毕！
配置文件 cookie_tiktok 参数未设置，TikTok 平台功能可能无法正常使用
正在更新抖音参数，请稍等...
抖音参数更新完毕！
配置文件 cookie_tiktok 参数未设置，TikTok 平台功能可能无法正常使用
正在更新抖音参数，请稍等...
抖音参数更新完毕！
配置文件 cookie_tiktok 参数未设置，TikTok 平台功能可能无法正常使用
正在更新抖音参数，请稍等...
抖音参数更新完毕！
配置文件 cookie_tiktok 参数未设置，TikTok 平台功能可能无法正常使用
正在更新抖音参数，请稍等...
抖音参数更新完毕！
配置文件 cookie_tiktok 参数未设置，TikTok 平台功能可能无法正常使用
INFO:     89.248.164.165:41064 - "GET http%3A//ossweb-img.qq.com/images/js/eas/eas.js HTTP/1.1" 404 Not Found
正在更新抖音参数，请稍等...
抖音参数更新完毕！
配置文件 cookie_tiktok 参数未设置，TikTok 平台功能可能无法正常使用
正在更新抖音参数，请稍等...
抖音参数更新完毕！
配置文件 cookie_tiktok 参数未设置，TikTok 平台功能可能无法正常使用
正在更新抖音参数，请稍等...
抖音参数更新完毕！
配置文件 cookie_tiktok 参数未设置，TikTok 平台功能可能无法正常使用
正在更新抖音参数，请稍等...
抖音参数更新完毕！
配置文件 cookie_tiktok 参数未设置，TikTok 平台功能可能无法正常使用
正在更新抖音参数，请稍等...
抖音参数更新完毕！
配置文件 cookie_tiktok 参数未设置，TikTok 平台功能可能无法正常使用
正在更新抖音参数，请稍等...
抖音参数更新完毕！
配置文件 cookie_tiktok 参数未设置，TikTok 平台功能可能无法正常使用
正在更新抖音参数，请稍等...
抖音参数更新完毕！
配置文件 cookie_tiktok 参数未设置，TikTok 平台功能可能无法正常使用
正在更新抖音参数，请稍等...
抖音参数更新完毕！
配置文件 cookie_tiktok 参数未设置，TikTok 平台功能可能无法正常使用
正在更新抖音参数，请稍等...
抖音参数更新完毕！
配置文件 cookie_tiktok 参数未设置，TikTok 平台功能可能无法正常使用
正在更新抖音参数，请稍等...
抖音参数更新完毕！
配置文件 cookie_tiktok 参数未设置，TikTok 平台功能可能无法正常使用
正在更新抖音参数，请稍等...
抖音参数更新完毕！
配置文件 cookie_tiktok 参数未设置，TikTok 平台功能可能无法正常使用
正在更新抖音参数，请稍等...
抖音参数更新完毕！
配置文件 cookie_tiktok 参数未设置，TikTok 平台功能可能无法正常使用
INFO:     87.236.176.11:42471 - "GET / HTTP/1.1" 307 Temporary Redirect
正在更新抖音参数，请稍等...
抖音参数更新完毕！
配置文件 cookie_tiktok 参数未设置，TikTok 平台功能可能无法正常使用
正在更新抖音参数，请稍等...
抖音参数更新完毕！
配置文件 cookie_tiktok 参数未设置，TikTok 平台功能可能无法正常使用
正在更新抖音参数，请稍等...
抖音参数更新完毕！
配置文件 cookie_tiktok 参数未设置，TikTok 平台功能可能无法正常使用
正在更新抖音参数，请稍等...
抖音参数更新完毕！
配置文件 cookie_tiktok 参数未设置，TikTok 平台功能可能无法正常使用
正在更新抖音参数，请稍等...
抖音参数更新完毕！
配置文件 cookie_tiktok 参数未设置，TikTok 平台功能可能无法正常使用
正在更新抖音参数，请稍等...
抖音参数更新完毕！
配置文件 cookie_tiktok 参数未设置，TikTok 平台功能可能无法正常使用
正在更新抖音参数，请稍等...
抖音参数更新完毕！
配置文件 cookie_tiktok 参数未设置，TikTok 平台功能可能无法正常使用
正在更新抖音参数，请稍等...
抖音参数更新完毕！
配置文件 cookie_tiktok 参数未设置，TikTok 平台功能可能无法正常使用
正在更新抖音参数，请稍等...
抖音参数更新完毕！
配置文件 cookie_tiktok 参数未设置，TikTok 平台功能可能无法正常使用
正在更新抖音参数，请稍等...
抖音参数更新完毕！
配置文件 cookie_tiktok 参数未设置，TikTok 平台功能可能无法正常使用
正在更新抖音参数，请稍等...
抖音参数更新完毕！
配置文件 cookie_tiktok 参数未设置，TikTok 平台功能可能无法正常使用
正在更新抖音参数，请稍等...
抖音参数更新完毕！
配置文件 cookie_tiktok 参数未设置，TikTok 平台功能可能无法正常使用
正在更新抖音参数，请稍等...
抖音参数更新完毕！
配置文件 cookie_tiktok 参数未设置，TikTok 平台功能可能无法正常使用
正在更新抖音参数，请稍等...
抖音参数更新完毕！
配置文件 cookie_tiktok 参数未设置，TikTok 平台功能可能无法正常使用
正在更新抖音参数，请稍等...
抖音参数更新完毕！
配置文件 cookie_tiktok 参数未设置，TikTok 平台功能可能无法正常使用
正在更新抖音参数，请稍等...
抖音参数更新完毕！
配置文件 cookie_tiktok 参数未设置，TikTok 平台功能可能无法正常使用
正在更新抖音参数，请稍等...
抖音参数更新完毕！
配置文件 cookie_tiktok 参数未设置，TikTok 平台功能可能无法正常使用
正在更新抖音参数，请稍等...
抖音参数更新完毕！
配置文件 cookie_tiktok 参数未设置，TikTok 平台功能可能无法正常使用
正在更新抖音参数，请稍等...
抖音参数更新完毕！
配置文件 cookie_tiktok 参数未设置，TikTok 平台功能可能无法正常使用
正在更新抖音参数，请稍等...
抖音参数更新完毕！
配置文件 cookie_tiktok 参数未设置，TikTok 平台功能可能无法正常使用
正在更新抖音参数，请稍等...
抖音参数更新完毕！
配置文件 cookie_tiktok 参数未设置，TikTok 平台功能可能无法正常使用
正在更新抖音参数，请稍等...
抖音参数更新完毕！
配置文件 cookie_tiktok 参数未设置，TikTok 平台功能可能无法正常使用
正在更新抖音参数，请稍等...
抖音参数更新完毕！
配置文件 cookie_tiktok 参数未设置，TikTok 平台功能可能无法正常使用
正在更新抖音参数，请稍等...
抖音参数更新完毕！
配置文件 cookie_tiktok 参数未设置，TikTok 平台功能可能无法正常使用
INFO:     188.253.117.46:44342 - "GET /docs HTTP/1.1" 200 OK
INFO:     188.253.117.46:11304 - "GET /openapi.json HTTP/1.1" 200 OK
正在更新抖音参数，请稍等...
抖音参数更新完毕！
配置文件 cookie_tiktok 参数未设置，TikTok 平台功能可能无法正常使用
正在更新抖音参数，请稍等...
抖音参数更新完毕！
配置文件 cookie_tiktok 参数未设置，TikTok 平台功能可能无法正常使用
正在更新抖音参数，请稍等...
抖音参数更新完毕！
配置文件 cookie_tiktok 参数未设置，TikTok 平台功能可能无法正常使用
正在更新抖音参数，请稍等...
抖音参数更新完毕！
配置文件 cookie_tiktok 参数未设置，TikTok 平台功能可能无法正常使用
INFO:     104.152.52.119:34277 - "GET / HTTP/1.1" 307 Temporary Redirect
正在更新抖音参数，请稍等...
抖音参数更新完毕！
配置文件 cookie_tiktok 参数未设置，TikTok 平台功能可能无法正常使用
正在更新抖音参数，请稍等...
抖音参数更新完毕！
配置文件 cookie_tiktok 参数未设置，TikTok 平台功能可能无法正常使用
正在更新抖音参数，请稍等...
抖音参数更新完毕！
配置文件 cookie_tiktok 参数未设置，TikTok 平台功能可能无法正常使用
正在更新抖音参数，请稍等...
抖音参数更新完毕！
配置文件 cookie_tiktok 参数未设置，TikTok 平台功能可能无法正常使用
INFO:     216.218.206.69:20782 - "GET / HTTP/1.1" 307 Temporary Redirect
INFO:     216.218.206.69:42708 - "GET / HTTP/1.1" 307 Temporary Redirect
INFO:     216.218.206.69:42716 - "GET /favicon.ico HTTP/1.1" 404 Not Found
正在更新抖音参数，请稍等...
抖音参数更新完毕！
配置文件 cookie_tiktok 参数未设置，TikTok 平台功能可能无法正常使用
INFO:     35.203.210.18:60956 - "GET / HTTP/1.1" 307 Temporary Redirect
正在更新抖音参数，请稍等...
抖音参数更新完毕！
配置文件 cookie_tiktok 参数未设置，TikTok 平台功能可能无法正常使用
正在更新抖音参数，请稍等...
抖音参数更新完毕！
配置文件 cookie_tiktok 参数未设置，TikTok 平台功能可能无法正常使用
正在更新抖音参数，请稍等...
抖音参数更新完毕！
配置文件 cookie_tiktok 参数未设置，TikTok 平台功能可能无法正常使用
INFO:     161.35.230.3:44938 - "GET / HTTP/1.1" 307 Temporary Redirect
正在更新抖音参数，请稍等...
抖音参数更新完毕！
配置文件 cookie_tiktok 参数未设置，TikTok 平台功能可能无法正常使用
正在更新抖音参数，请稍等...
抖音参数更新完毕！
配置文件 cookie_tiktok 参数未设置，TikTok 平台功能可能无法正常使用
INFO:     202.140.142.231:52814 - "POST /douyin/share HTTP/1.1" 200 OK
INFO:     202.140.142.231:50940 - "POST /douyin/detail HTTP/1.1" 200 OK
正在更新抖音参数，请稍等...
抖音参数更新完毕！
配置文件 cookie_tiktok 参数未设置，TikTok 平台功能可能无法正常使用
正在更新抖音参数，请稍等...
抖音参数更新完毕！
配置文件 cookie_tiktok 参数未设置，TikTok 平台功能可能无法正常使用
正在更新抖音参数，请稍等...
抖音参数更新完毕！
配置文件 cookie_tiktok 参数未设置，TikTok 平台功能可能无法正常使用
正在更新抖音参数，请稍等...
抖音参数更新完毕！
配置文件 cookie_tiktok 参数未设置，TikTok 平台功能可能无法正常使用
正在更新抖音参数，请稍等...
抖音参数更新完毕！
配置文件 cookie_tiktok 参数未设置，TikTok 平台功能可能无法正常使用
INFO:     45.33.12.214:39409 - "GET / HTTP/1.1" 307 Temporary Redirect
INFO:     45.79.181.104:27562 - "GET / HTTP/1.1" 307 Temporary Redirect
正在更新抖音参数，请稍等...
抖音参数更新完毕！
配置文件 cookie_tiktok 参数未设置，TikTok 平台功能可能无法正常使用
正在更新抖音参数，请稍等...
抖音参数更新完毕！
配置文件 cookie_tiktok 参数未设置，TikTok 平台功能可能无法正常使用
正在更新抖音参数，请稍等...
抖音参数更新完毕！
配置文件 cookie_tiktok 参数未设置，TikTok 平台功能可能无法正常使用
正在更新抖音参数，请稍等...
抖音参数更新完毕！
配置文件 cookie_tiktok 参数未设置，TikTok 平台功能可能无法正常使用
正在更新抖音参数，请稍等...
抖音参数更新完毕！
配置文件 cookie_tiktok 参数未设置，TikTok 平台功能可能无法正常使用
正在更新抖音参数，请稍等...
抖音参数更新完毕！
配置文件 cookie_tiktok 参数未设置，TikTok 平台功能可能无法正常使用
INFO:     188.253.117.46:2258 - "GET /docs HTTP/1.1" 200 OK
INFO:     188.253.117.46:52676 - "GET /openapi.json HTTP/1.1" 200 OK
开始处理账号
共获取到 161 个账号发布作品
开始提取作品数据
昵称/标题：大胡子李俊怀；标识：大胡子李俊怀；ID：98153518666
筛选处理后作品数量: 161
INFO:     188.253.117.46:26140 - "POST /douyin/account HTTP/1.1" 200 OK
开始处理账号
作品最晚发布日期: 2025-12-25
共获取到 161 个账号发布作品
开始提取作品数据
昵称/标题：大胡子李俊怀；标识：大胡子李俊怀；ID：98153518666
筛选处理后作品数量: 161
INFO:     188.253.117.46:49860 - "POST /douyin/account HTTP/1.1" 200 OK
正在更新抖音参数，请稍等...
抖音参数更新完毕！
配置文件 cookie_tiktok 参数未设置，TikTok 平台功能可能无法正常使用
开始处理账号
共获取到 161 个账号发布作品
开始提取作品数据
昵称/标题：大胡子李俊怀；标识：大胡子李俊怀；ID：98153518666
筛选处理后作品数量: 161
INFO:     188.253.117.46:10604 - "POST /douyin/account HTTP/1.1" 200 OK
正在更新抖音参数，请稍等...
抖音参数更新完毕！
配置文件 cookie_tiktok 参数未设置，TikTok 平台功能可能无法正常使用
开始处理账号
共获取到 161 个账号发布作品
开始提取作品数据
昵称/标题：大胡子李俊怀；标识：大胡子李俊怀；ID：98153518666
筛选处理后作品数量: 161
INFO:     188.253.117.46:1912 - "POST /douyin/account HTTP/1.1" 200 OK
正在更新抖音参数，请稍等...
抖音参数更新完毕！
配置文件 cookie_tiktok 参数未设置，TikTok 平台功能可能无法正常使用
正在更新抖音参数，请稍等...
抖音参数更新完毕！
配置文件 cookie_tiktok 参数未设置，TikTok 平台功能可能无法正常使用
正在更新抖音参数，请稍等...
抖音参数更新完毕！
配置文件 cookie_tiktok 参数未设置，TikTok 平台功能可能无法正常使用
正在更新抖音参数，请稍等...
抖音参数更新完毕！
配置文件 cookie_tiktok 参数未设置，TikTok 平台功能可能无法正常使用
正在更新抖音参数，请稍等...
抖音参数更新完毕！
配置文件 cookie_tiktok 参数未设置，TikTok 平台功能可能无法正常使用
正在更新抖音参数，请稍等...
抖音参数更新完毕！
配置文件 cookie_tiktok 参数未设置，TikTok 平台功能可能无法正常使用
正在更新抖音参数，请稍等...
抖音参数更新完毕！
配置文件 cookie_tiktok 参数未设置，TikTok 平台功能可能无法正常使用
正在更新抖音参数，请稍等...
抖音参数更新完毕！
配置文件 cookie_tiktok 参数未设置，TikTok 平台功能可能无法正常使用
正在更新抖音参数，请稍等...
抖音参数更新完毕！
配置文件 cookie_tiktok 参数未设置，TikTok 平台功能可能无法正常使用
正在更新抖音参数，请稍等...
抖音参数更新完毕！
配置文件 cookie_tiktok 参数未设置，TikTok 平台功能可能无法正常使用
正在更新抖音参数，请稍等...
抖音参数更新完毕！
配置文件 cookie_tiktok 参数未设置，TikTok 平台功能可能无法正常使用
正在更新抖音参数，请稍等...
抖音参数更新完毕！
配置文件 cookie_tiktok 参数未设置，TikTok 平台功能可能无法正常使用
正在更新抖音参数，请稍等...
响应码异常：Server error '503 Service Unavailable' for url 
'https://mssdk.bytedance.com/web/common?msToken='
For more information check: 
https://developer.mozilla.org/en-US/docs/Web/HTTP/Status/503
抖音参数更新完毕！
配置文件 cookie_tiktok 参数未设置，TikTok 平台功能可能无法正常使用
正在更新抖音参数，请稍等...
抖音参数更新完毕！
配置文件 cookie_tiktok 参数未设置，TikTok 平台功能可能无法正常使用
正在更新抖音参数，请稍等...
抖音参数更新完毕！
配置文件 cookie_tiktok 参数未设置，TikTok 平台功能可能无法正常使用
正在更新抖音参数，请稍等...
抖音参数更新完毕！
配置文件 cookie_tiktok 参数未设置，TikTok 平台功能可能无法正常使用
正在更新抖音参数，请稍等...
抖音参数更新完毕！
配置文件 cookie_tiktok 参数未设置，TikTok 平台功能可能无法正常使用
正在更新抖音参数，请稍等...
抖音参数更新完毕！
配置文件 cookie_tiktok 参数未设置，TikTok 平台功能可能无法正常使用
正在更新抖音参数，请稍等...
抖音参数更新完毕！
配置文件 cookie_tiktok 参数未设置，TikTok 平台功能可能无法正常使用
正在更新抖音参数，请稍等...
抖音参数更新完毕！
配置文件 cookie_tiktok 参数未设置，TikTok 平台功能可能无法正常使用
正在更新抖音参数，请稍等...
抖音参数更新完毕！
配置文件 cookie_tiktok 参数未设置，TikTok 平台功能可能无法正常使用
正在更新抖音参数，请稍等...
抖音参数更新完毕！
配置文件 cookie_tiktok 参数未设置，TikTok 平台功能可能无法正常使用
正在更新抖音参数，请稍等...
抖音参数更新完毕！
配置文件 cookie_tiktok 参数未设置，TikTok 平台功能可能无法正常使用
正在更新抖音参数，请稍等...
抖音参数更新完毕！
配置文件 cookie_tiktok 参数未设置，TikTok 平台功能可能无法正常使用
开始处理账号
共获取到 162 个账号发布作品
开始提取作品数据
昵称/标题：大胡子李俊怀；标识：大胡子李俊怀；ID：98153518666
筛选处理后作品数量: 162
INFO:     188.253.117.46:29648 - "POST /douyin/account HTTP/1.1" 200 OK
正在更新抖音参数，请稍等...
抖音参数更新完毕！
配置文件 cookie_tiktok 参数未设置，TikTok 平台功能可能无法正常使用
>>>>>>>>>>>>>>>>>>>>>>>>>>>>>>>>>>>>>>>>>>>>>>>>>>


            DouK-Downloader V5.8 Beta             


>>>>>>>>>>>>>>>>>>>>>>>>>>>>>>>>>>>>>>>>>>>>>>>>>>

项目地址: https://github.com/JoeanAmier/TikTokDownloader
项目文档: https://github.com/JoeanAmier/TikTokDownloader/wiki/Documentation
开源许可: GNU General Public License v3.0

已从 cookies.txt 文件读取抖音 Cookie 并应用到配置中
[Cookie] 读取成功: 已从 cookies.txt 文件读取抖音 Cookie 并应用到配置中
访问 http://127.0.0.1:5555/docs 或者 http://127.0.0.1:5555/redoc 可以查阅 API 
模式说明文档！
正在更新抖音参数，请稍等...
抖音参数更新完毕！
配置文件 cookie_tiktok 参数未设置，TikTok 平台功能可能无法正常使用
开始处理账号
共获取到 162 个账号发布作品
开始提取作品数据
昵称/标题：大胡子李俊怀；标识：大胡子李俊怀；ID：98153518666
筛选处理后作品数量: 162
INFO:     188.253.117.46:60630 - "POST /douyin/account HTTP/1.1" 200 OK
开始处理账号
共获取到 5 个账号发布作品
开始提取作品数据
昵称/标题：大胡子李俊怀；标识：大胡子李俊怀；ID：98153518666
筛选处理后作品数量: 5
INFO:     188.253.117.46:47014 - "POST /douyin/account HTTP/1.1" 200 OK
正在更新抖音参数，请稍等...
抖音参数更新完毕！
配置文件 cookie_tiktok 参数未设置，TikTok 平台功能可能无法正常使用
INFO:     188.253.117.46:42354 - "GET /docs HTTP/1.1" 200 OK
INFO:     188.253.117.46:38576 - "GET /openapi.json HTTP/1.1" 200 OK
INFO:     188.253.117.46:38576 - "GET /docs HTTP/1.1" 200 OK
INFO:     188.253.117.46:38576 - "GET /openapi.json HTTP/1.1" 200 OK
